[1618449594613211] [MF] Status: Started new logger at mf.log
[1618449594613235] [MF] Down-sampling factor D: 1
[1618449594613242] [MF] Up-sampling factor U: 4
[1618449594613252] [MF] Filter length: 101
[1618449594613264] [MF] Tap: 0.000144
[1618449594613269] [MF] Tap: -0.000923
[1618449594613273] [MF] Tap: -0.001466
[1618449594613279] [MF] Tap: -0.001125
[1618449594613283] [MF] Tap: -0.000057
[1618449594613287] [MF] Tap: 0.001118
[1618449594613291] [MF] Tap: 0.001661
[1618449594613297] [MF] Tap: 0.001156
[1618449594613302] [MF] Tap: -0.000197
[1618449594613306] [MF] Tap: -0.001639
[1618449594613310] [MF] Tap: -0.002260
[1618449594613315] [MF] Tap: -0.001544
[1618449594613319] [MF] Tap: 0.000267
[1618449594613323] [MF] Tap: 0.002226
[1618449594613327] [MF] Tap: 0.003170
[1618449594613333] [MF] Tap: 0.002397
[1618449594613337] [MF] Tap: 0.000143
[1618449594613341] [MF] Tap: -0.002444
[1618449594613345] [MF] Tap: -0.003890
[1618449594613352] [MF] Tap: -0.003235
[1618449594613356] [MF] Tap: -0.000678
[1618449594613360] [MF] Tap: 0.002414
[1618449594613364] [MF] Tap: 0.004197
[1618449594613370] [MF] Tap: 0.003428
[1618449594613374] [MF] Tap: 0.000325
[1618449594613378] [MF] Tap: -0.003355
[1618449594613383] [MF] Tap: -0.005179
[1618449594613388] [MF] Tap: -0.003477
[1618449594613391] [MF] Tap: 0.001426
[1618449594613395] [MF] Tap: 0.006974
[1618449594613401] [MF] Tap: 0.009490
[1618449594613405] [MF] Tap: 0.006224
[1618449594613409] [MF] Tap: -0.002675
[1618449594613413] [MF] Tap: -0.013448
[1618449594613419] [MF] Tap: -0.019985
[1618449594613423] [MF] Tap: -0.016777
[1618449594613426] [MF] Tap: -0.002297
[1618449594613430] [MF] Tap: 0.018963
[1618449594613436] [MF] Tap: 0.037231
[1618449594613440] [MF] Tap: 0.041228
[1618449594613444] [MF] Tap: 0.023726
[1618449594613448] [MF] Tap: -0.013479
[1618449594613454] [MF] Tap: -0.057730
[1618449594613458] [MF] Tap: -0.088285
[1618449594613462] [MF] Tap: -0.083315
[1618449594613470] [MF] Tap: -0.028728
[1618449594613474] [MF] Tap: 0.074665
[1618449594613478] [MF] Tap: 0.208871
[1618449594613481] [MF] Tap: 0.342761
[1618449594613487] [MF] Tap: 0.441458
[1618449594613491] [MF] Tap: 0.477771
[1618449594613495] [MF] Tap: 0.441458
[1618449594613499] [MF] Tap: 0.342761
[1618449594613504] [MF] Tap: 0.208871
[1618449594613508] [MF] Tap: 0.074665
[1618449594613511] [MF] Tap: -0.028728
[1618449594613515] [MF] Tap: -0.083315
[1618449594613520] [MF] Tap: -0.088285
[1618449594613523] [MF] Tap: -0.057730
[1618449594613527] [MF] Tap: -0.013479
[1618449594613530] [MF] Tap: 0.023726
[1618449594613535] [MF] Tap: 0.041228
[1618449594613539] [MF] Tap: 0.037231
[1618449594613543] [MF] Tap: 0.018963
[1618449594613546] [MF] Tap: -0.002297
[1618449594613551] [MF] Tap: -0.016777
[1618449594613555] [MF] Tap: -0.019985
[1618449594613558] [MF] Tap: -0.013448
[1618449594613565] [MF] Tap: -0.002675
[1618449594613569] [MF] Tap: 0.006224
[1618449594613573] [MF] Tap: 0.009490
[1618449594613577] [MF] Tap: 0.006974
[1618449594613584] [MF] Tap: 0.001426
[1618449594613587] [MF] Tap: -0.003477
[1618449594613592] [MF] Tap: -0.005179
[1618449594613595] [MF] Tap: -0.003355
[1618449594613602] [MF] Tap: 0.000325
[1618449594613605] [MF] Tap: 0.003428
[1618449594613609] [MF] Tap: 0.004197
[1618449594613613] [MF] Tap: 0.002414
[1618449594613619] [MF] Tap: -0.000678
[1618449594613622] [MF] Tap: -0.003235
[1618449594613627] [MF] Tap: -0.003890
[1618449594613631] [MF] Tap: -0.002444
[1618449594613636] [MF] Tap: 0.000143
[1618449594613640] [MF] Tap: 0.002397
[1618449594613644] [MF] Tap: 0.003170
[1618449594613649] [MF] Tap: 0.002226
[1618449594613653] [MF] Tap: 0.000267
[1618449594613657] [MF] Tap: -0.001544
[1618449594613661] [MF] Tap: -0.002260
[1618449594613666] [MF] Tap: -0.001639
[1618449594613670] [MF] Tap: -0.000197
[1618449594613674] [MF] Tap: 0.001156
[1618449594613678] [MF] Tap: 0.001661
[1618449594613684] [MF] Tap: 0.001118
[1618449594613688] [MF] Tap: -0.000057
[1618449594613691] [MF] Tap: -0.001125
[1618449594613695] [MF] Tap: -0.001466
[1618449594613702] [MF] Tap: -0.000923
[1618449594613705] [MF] Tap: 0.000144
[1618449594613710] [MF] Filter output length: 1300
