[1618510752338029] [ReadPayload] Status: Started new logger at ./read_payload.log
[1618510752338047] [ReadPayload] Payload filename: payload.jpeg
[1618510752338051] [ReadPayload] Fragmentation size: 1000 bytes
[1618510752347527] [ReadPayload] File size: 142561 bytes = 1140488 bits
[1618510752347555] [ReadPayload] Number of fragments: 1140
[1618510752347569] [ReadPayload] Remaining bits: 520
[1618510752352581] [ReadPayload] File size + payload: 1140520
[1618510752352602] [ReadPayload] Pushing fragment: 0
[1618510752352608] [ReadPayload] Pushing fragment: 1
[1618510752352623] [ReadPayload] Pushing fragment: 2
[1618510752352628] [ReadPayload] Pushing fragment: 3
[1618510752352642] [ReadPayload] Pushing fragment: 4
[1618510752352647] [ReadPayload] Pushing fragment: 5
[1618510752352652] [ReadPayload] Pushing fragment: 6
[1618510752352658] [ReadPayload] Pushing fragment: 7
[1618510752352664] [ReadPayload] Pushing fragment: 8
[1618510752352670] [ReadPayload] Pushing fragment: 9
[1618510752352676] [ReadPayload] Pushing fragment: 10
[1618510752352682] [ReadPayload] Pushing fragment: 11
[1618510752352688] [ReadPayload] Pushing fragment: 12
[1618510752352695] [ReadPayload] Pushing fragment: 13
[1618510752352711] [ReadPayload] Pushing fragment: 14
[1618510752352718] [ReadPayload] Pushing fragment: 15
[1618510752352726] [ReadPayload] Pushing fragment: 16
[1618510752352732] [ReadPayload] Pushing fragment: 17
[1618510752352739] [ReadPayload] Pushing fragment: 18
[1618510752352746] [ReadPayload] Pushing fragment: 19
[1618510752352753] [ReadPayload] Pushing fragment: 20
[1618510752352770] [ReadPayload] Pushing fragment: 21
[1618510752352778] [ReadPayload] Pushing fragment: 22
[1618510752352794] [ReadPayload] Pushing fragment: 23
[1618510752352801] [ReadPayload] Pushing fragment: 24
[1618510752352817] [ReadPayload] Pushing fragment: 25
[1618510752352823] [ReadPayload] Pushing fragment: 26
[1618510752352829] [ReadPayload] Pushing fragment: 27
[1618510752352834] [ReadPayload] Pushing fragment: 28
[1618510752352839] [ReadPayload] Pushing fragment: 29
[1618510752352853] [ReadPayload] Pushing fragment: 30
[1618510752352858] [ReadPayload] Pushing fragment: 31
[1618510752352862] [ReadPayload] Pushing fragment: 32
[1618510752352867] [ReadPayload] Pushing fragment: 33
[1618510752352871] [ReadPayload] Pushing fragment: 34
[1618510752352876] [ReadPayload] Pushing fragment: 35
[1618510752352893] [ReadPayload] Pushing fragment: 36
[1618510752352898] [ReadPayload] Pushing fragment: 37
[1618510752352914] [ReadPayload] Pushing fragment: 38
[1618510752352920] [ReadPayload] Pushing fragment: 39
[1618510752352926] [ReadPayload] Pushing fragment: 40
[1618510752352932] [ReadPayload] Pushing fragment: 41
[1618510752352938] [ReadPayload] Pushing fragment: 42
[1618510752352945] [ReadPayload] Pushing fragment: 43
[1618510752352951] [ReadPayload] Pushing fragment: 44
[1618510752352957] [ReadPayload] Pushing fragment: 45
[1618510752352963] [ReadPayload] Pushing fragment: 46
[1618510752352970] [ReadPayload] Pushing fragment: 47
[1618510752352976] [ReadPayload] Pushing fragment: 48
[1618510752352983] [ReadPayload] Pushing fragment: 49
[1618510752352989] [ReadPayload] Pushing fragment: 50
[1618510752352995] [ReadPayload] Pushing fragment: 51
[1618510752353001] [ReadPayload] Pushing fragment: 52
[1618510752353008] [ReadPayload] Pushing fragment: 53
[1618510752353013] [ReadPayload] Pushing fragment: 54
[1618510752353018] [ReadPayload] Pushing fragment: 55
[1618510752353023] [ReadPayload] Pushing fragment: 56
[1618510752353028] [ReadPayload] Pushing fragment: 57
[1618510752353034] [ReadPayload] Pushing fragment: 58
[1618510752353039] [ReadPayload] Pushing fragment: 59
[1618510752353044] [ReadPayload] Pushing fragment: 60
[1618510752353049] [ReadPayload] Pushing fragment: 61
[1618510752353053] [ReadPayload] Pushing fragment: 62
[1618510752353057] [ReadPayload] Pushing fragment: 63
[1618510752353061] [ReadPayload] Pushing fragment: 64
[1618510752353064] [ReadPayload] Pushing fragment: 65
[1618510752353068] [ReadPayload] Pushing fragment: 66
[1618510752353072] [ReadPayload] Pushing fragment: 67
[1618510752353080] [ReadPayload] Pushing fragment: 68
[1618510752353084] [ReadPayload] Pushing fragment: 69
[1618510752353088] [ReadPayload] Pushing fragment: 70
[1618510752353092] [ReadPayload] Pushing fragment: 71
[1618510752353096] [ReadPayload] Pushing fragment: 72
[1618510752353100] [ReadPayload] Pushing fragment: 73
[1618510752353103] [ReadPayload] Pushing fragment: 74
[1618510752353107] [ReadPayload] Pushing fragment: 75
[1618510752353111] [ReadPayload] Pushing fragment: 76
[1618510752353115] [ReadPayload] Pushing fragment: 77
[1618510752353119] [ReadPayload] Pushing fragment: 78
[1618510752353123] [ReadPayload] Pushing fragment: 79
[1618510752353127] [ReadPayload] Pushing fragment: 80
[1618510752353130] [ReadPayload] Pushing fragment: 81
[1618510752353134] [ReadPayload] Pushing fragment: 82
[1618510752353140] [ReadPayload] Pushing fragment: 83
[1618510752353143] [ReadPayload] Pushing fragment: 84
[1618510752353147] [ReadPayload] Pushing fragment: 85
[1618510752353152] [ReadPayload] Pushing fragment: 86
[1618510752353156] [ReadPayload] Pushing fragment: 87
[1618510752353160] [ReadPayload] Pushing fragment: 88
[1618510752353163] [ReadPayload] Pushing fragment: 89
[1618510752353168] [ReadPayload] Pushing fragment: 90
[1618510752353172] [ReadPayload] Pushing fragment: 91
[1618510752353176] [ReadPayload] Pushing fragment: 92
[1618510752353180] [ReadPayload] Pushing fragment: 93
[1618510752353186] [ReadPayload] Pushing fragment: 94
[1618510752353190] [ReadPayload] Pushing fragment: 95
[1618510752353196] [ReadPayload] Pushing fragment: 96
[1618510752353202] [ReadPayload] Pushing fragment: 97
[1618510752353208] [ReadPayload] Pushing fragment: 98
[1618510752353215] [ReadPayload] Pushing fragment: 99
[1618510752353222] [ReadPayload] Pushing fragment: 100
[1618510752353228] [ReadPayload] Pushing fragment: 101
[1618510752353235] [ReadPayload] Pushing fragment: 102
[1618510752353242] [ReadPayload] Pushing fragment: 103
[1618510752353248] [ReadPayload] Pushing fragment: 104
[1618510752353255] [ReadPayload] Pushing fragment: 105
[1618510752353262] [ReadPayload] Pushing fragment: 106
[1618510752353269] [ReadPayload] Pushing fragment: 107
[1618510752353275] [ReadPayload] Pushing fragment: 108
[1618510752353282] [ReadPayload] Pushing fragment: 109
[1618510752353288] [ReadPayload] Pushing fragment: 110
[1618510752353295] [ReadPayload] Pushing fragment: 111
[1618510752353301] [ReadPayload] Pushing fragment: 112
[1618510752353308] [ReadPayload] Pushing fragment: 113
[1618510752353315] [ReadPayload] Pushing fragment: 114
[1618510752353321] [ReadPayload] Pushing fragment: 115
[1618510752353329] [ReadPayload] Pushing fragment: 116
[1618510752353336] [ReadPayload] Pushing fragment: 117
[1618510752353342] [ReadPayload] Pushing fragment: 118
[1618510752353349] [ReadPayload] Pushing fragment: 119
[1618510752353356] [ReadPayload] Pushing fragment: 120
[1618510752353362] [ReadPayload] Pushing fragment: 121
[1618510752353368] [ReadPayload] Pushing fragment: 122
[1618510752353375] [ReadPayload] Pushing fragment: 123
[1618510752353381] [ReadPayload] Pushing fragment: 124
[1618510752353388] [ReadPayload] Pushing fragment: 125
[1618510752353395] [ReadPayload] Pushing fragment: 126
[1618510752353401] [ReadPayload] Pushing fragment: 127
[1618510752353407] [ReadPayload] Pushing fragment: 128
[1618510752353415] [ReadPayload] Pushing fragment: 129
[1618510752353421] [ReadPayload] Pushing fragment: 130
[1618510752353427] [ReadPayload] Pushing fragment: 131
[1618510752353433] [ReadPayload] Pushing fragment: 132
[1618510752353440] [ReadPayload] Pushing fragment: 133
[1618510752353447] [ReadPayload] Pushing fragment: 134
[1618510752353453] [ReadPayload] Pushing fragment: 135
[1618510752353461] [ReadPayload] Pushing fragment: 136
[1618510752353467] [ReadPayload] Pushing fragment: 137
[1618510752353473] [ReadPayload] Pushing fragment: 138
[1618510752353480] [ReadPayload] Pushing fragment: 139
[1618510752353487] [ReadPayload] Pushing fragment: 140
[1618510752353493] [ReadPayload] Pushing fragment: 141
[1618510752353499] [ReadPayload] Pushing fragment: 142
[1618510752353508] [ReadPayload] Pushing fragment: 143
[1618510752353514] [ReadPayload] Pushing fragment: 144
[1618510752353521] [ReadPayload] Pushing fragment: 145
[1618510752353528] [ReadPayload] Pushing fragment: 146
[1618510752353534] [ReadPayload] Pushing fragment: 147
[1618510752353540] [ReadPayload] Pushing fragment: 148
[1618510752353548] [ReadPayload] Pushing fragment: 149
[1618510752353554] [ReadPayload] Pushing fragment: 150
[1618510752353560] [ReadPayload] Pushing fragment: 151
[1618510752353566] [ReadPayload] Pushing fragment: 152
[1618510752353573] [ReadPayload] Pushing fragment: 153
[1618510752353579] [ReadPayload] Pushing fragment: 154
[1618510752353586] [ReadPayload] Pushing fragment: 155
[1618510752353593] [ReadPayload] Pushing fragment: 156
[1618510752353600] [ReadPayload] Pushing fragment: 157
[1618510752353606] [ReadPayload] Pushing fragment: 158
[1618510752353613] [ReadPayload] Pushing fragment: 159
[1618510752353619] [ReadPayload] Pushing fragment: 160
[1618510752353625] [ReadPayload] Pushing fragment: 161
[1618510752353632] [ReadPayload] Pushing fragment: 162
[1618510752353640] [ReadPayload] Pushing fragment: 163
[1618510752353646] [ReadPayload] Pushing fragment: 164
[1618510752353652] [ReadPayload] Pushing fragment: 165
[1618510752353660] [ReadPayload] Pushing fragment: 166
[1618510752353666] [ReadPayload] Pushing fragment: 167
[1618510752353672] [ReadPayload] Pushing fragment: 168
[1618510752353679] [ReadPayload] Pushing fragment: 169
[1618510752353686] [ReadPayload] Pushing fragment: 170
[1618510752353692] [ReadPayload] Pushing fragment: 171
[1618510752353698] [ReadPayload] Pushing fragment: 172
[1618510752353705] [ReadPayload] Pushing fragment: 173
[1618510752353712] [ReadPayload] Pushing fragment: 174
[1618510752353718] [ReadPayload] Pushing fragment: 175
[1618510752353725] [ReadPayload] Pushing fragment: 176
[1618510752353732] [ReadPayload] Pushing fragment: 177
[1618510752353738] [ReadPayload] Pushing fragment: 178
[1618510752353745] [ReadPayload] Pushing fragment: 179
[1618510752353751] [ReadPayload] Pushing fragment: 180
[1618510752353757] [ReadPayload] Pushing fragment: 181
[1618510752353763] [ReadPayload] Pushing fragment: 182
[1618510752353771] [ReadPayload] Pushing fragment: 183
[1618510752353777] [ReadPayload] Pushing fragment: 184
[1618510752353784] [ReadPayload] Pushing fragment: 185
[1618510752353791] [ReadPayload] Pushing fragment: 186
[1618510752353797] [ReadPayload] Pushing fragment: 187
[1618510752353804] [ReadPayload] Pushing fragment: 188
[1618510752353813] [ReadPayload] Pushing fragment: 189
[1618510752353819] [ReadPayload] Pushing fragment: 190
[1618510752353826] [ReadPayload] Pushing fragment: 191
[1618510752353832] [ReadPayload] Pushing fragment: 192
[1618510752353839] [ReadPayload] Pushing fragment: 193
[1618510752353846] [ReadPayload] Pushing fragment: 194
[1618510752353852] [ReadPayload] Pushing fragment: 195
[1618510752353859] [ReadPayload] Pushing fragment: 196
[1618510752353865] [ReadPayload] Pushing fragment: 197
[1618510752353872] [ReadPayload] Pushing fragment: 198
[1618510752353879] [ReadPayload] Pushing fragment: 199
[1618510752353885] [ReadPayload] Pushing fragment: 200
[1618510752353891] [ReadPayload] Pushing fragment: 201
[1618510752353897] [ReadPayload] Pushing fragment: 202
[1618510752353904] [ReadPayload] Pushing fragment: 203
[1618510752353911] [ReadPayload] Pushing fragment: 204
[1618510752353917] [ReadPayload] Pushing fragment: 205
[1618510752353924] [ReadPayload] Pushing fragment: 206
[1618510752353931] [ReadPayload] Pushing fragment: 207
[1618510752353937] [ReadPayload] Pushing fragment: 208
[1618510752353944] [ReadPayload] Pushing fragment: 209
[1618510752353951] [ReadPayload] Pushing fragment: 210
[1618510752353957] [ReadPayload] Pushing fragment: 211
[1618510752353963] [ReadPayload] Pushing fragment: 212
[1618510752353971] [ReadPayload] Pushing fragment: 213
[1618510752353978] [ReadPayload] Pushing fragment: 214
[1618510752353984] [ReadPayload] Pushing fragment: 215
[1618510752353991] [ReadPayload] Pushing fragment: 216
[1618510752353997] [ReadPayload] Pushing fragment: 217
[1618510752354006] [ReadPayload] Pushing fragment: 218
[1618510752354013] [ReadPayload] Pushing fragment: 219
[1618510752354019] [ReadPayload] Pushing fragment: 220
[1618510752354025] [ReadPayload] Pushing fragment: 221
[1618510752354032] [ReadPayload] Pushing fragment: 222
[1618510752354039] [ReadPayload] Pushing fragment: 223
[1618510752354045] [ReadPayload] Pushing fragment: 224
[1618510752354052] [ReadPayload] Pushing fragment: 225
[1618510752354059] [ReadPayload] Pushing fragment: 226
[1618510752354066] [ReadPayload] Pushing fragment: 227
[1618510752354072] [ReadPayload] Pushing fragment: 228
[1618510752354079] [ReadPayload] Pushing fragment: 229
[1618510752354085] [ReadPayload] Pushing fragment: 230
[1618510752354091] [ReadPayload] Pushing fragment: 231
[1618510752354098] [ReadPayload] Pushing fragment: 232
[1618510752354105] [ReadPayload] Pushing fragment: 233
[1618510752354111] [ReadPayload] Pushing fragment: 234
[1618510752354117] [ReadPayload] Pushing fragment: 235
[1618510752354125] [ReadPayload] Pushing fragment: 236
[1618510752354131] [ReadPayload] Pushing fragment: 237
[1618510752354137] [ReadPayload] Pushing fragment: 238
[1618510752354145] [ReadPayload] Pushing fragment: 239
[1618510752354151] [ReadPayload] Pushing fragment: 240
[1618510752354157] [ReadPayload] Pushing fragment: 241
[1618510752354165] [ReadPayload] Pushing fragment: 242
[1618510752354171] [ReadPayload] Pushing fragment: 243
[1618510752354177] [ReadPayload] Pushing fragment: 244
[1618510752354183] [ReadPayload] Pushing fragment: 245
[1618510752354191] [ReadPayload] Pushing fragment: 246
[1618510752354197] [ReadPayload] Pushing fragment: 247
[1618510752354203] [ReadPayload] Pushing fragment: 248
[1618510752354211] [ReadPayload] Pushing fragment: 249
[1618510752354217] [ReadPayload] Pushing fragment: 250
[1618510752354223] [ReadPayload] Pushing fragment: 251
[1618510752354230] [ReadPayload] Pushing fragment: 252
[1618510752354237] [ReadPayload] Pushing fragment: 253
[1618510752354243] [ReadPayload] Pushing fragment: 254
[1618510752354250] [ReadPayload] Pushing fragment: 255
[1618510752354257] [ReadPayload] Pushing fragment: 256
[1618510752354263] [ReadPayload] Pushing fragment: 257
[1618510752354269] [ReadPayload] Pushing fragment: 258
[1618510752354283] [ReadPayload] Pushing fragment: 259
[1618510752354289] [ReadPayload] Pushing fragment: 260
[1618510752354295] [ReadPayload] Pushing fragment: 261
[1618510752354303] [ReadPayload] Pushing fragment: 262
[1618510752354309] [ReadPayload] Pushing fragment: 263
[1618510752354315] [ReadPayload] Pushing fragment: 264
[1618510752354321] [ReadPayload] Pushing fragment: 265
[1618510752354329] [ReadPayload] Pushing fragment: 266
[1618510752354335] [ReadPayload] Pushing fragment: 267
[1618510752354341] [ReadPayload] Pushing fragment: 268
[1618510752354348] [ReadPayload] Pushing fragment: 269
[1618510752354354] [ReadPayload] Pushing fragment: 270
[1618510752354361] [ReadPayload] Pushing fragment: 271
[1618510752354368] [ReadPayload] Pushing fragment: 272
[1618510752354374] [ReadPayload] Pushing fragment: 273
[1618510752354381] [ReadPayload] Pushing fragment: 274
[1618510752354387] [ReadPayload] Pushing fragment: 275
[1618510752354394] [ReadPayload] Pushing fragment: 276
[1618510752354400] [ReadPayload] Pushing fragment: 277
[1618510752354406] [ReadPayload] Pushing fragment: 278
[1618510752354414] [ReadPayload] Pushing fragment: 279
[1618510752354420] [ReadPayload] Pushing fragment: 280
[1618510752354426] [ReadPayload] Pushing fragment: 281
[1618510752354434] [ReadPayload] Pushing fragment: 282
[1618510752354440] [ReadPayload] Pushing fragment: 283
[1618510752354446] [ReadPayload] Pushing fragment: 284
[1618510752354452] [ReadPayload] Pushing fragment: 285
[1618510752354460] [ReadPayload] Pushing fragment: 286
[1618510752354466] [ReadPayload] Pushing fragment: 287
[1618510752354472] [ReadPayload] Pushing fragment: 288
[1618510752354480] [ReadPayload] Pushing fragment: 289
[1618510752354486] [ReadPayload] Pushing fragment: 290
[1618510752354492] [ReadPayload] Pushing fragment: 291
[1618510752354502] [ReadPayload] Pushing fragment: 292
[1618510752354508] [ReadPayload] Pushing fragment: 293
[1618510752354514] [ReadPayload] Pushing fragment: 294
[1618510752354520] [ReadPayload] Pushing fragment: 295
[1618510752354528] [ReadPayload] Pushing fragment: 296
[1618510752354534] [ReadPayload] Pushing fragment: 297
[1618510752354540] [ReadPayload] Pushing fragment: 298
[1618510752354549] [ReadPayload] Pushing fragment: 299
[1618510752354555] [ReadPayload] Pushing fragment: 300
[1618510752354561] [ReadPayload] Pushing fragment: 301
[1618510752354569] [ReadPayload] Pushing fragment: 302
[1618510752354575] [ReadPayload] Pushing fragment: 303
[1618510752354581] [ReadPayload] Pushing fragment: 304
[1618510752354587] [ReadPayload] Pushing fragment: 305
[1618510752354595] [ReadPayload] Pushing fragment: 306
[1618510752354601] [ReadPayload] Pushing fragment: 307
[1618510752354608] [ReadPayload] Pushing fragment: 308
[1618510752354615] [ReadPayload] Pushing fragment: 309
[1618510752354622] [ReadPayload] Pushing fragment: 310
[1618510752354628] [ReadPayload] Pushing fragment: 311
[1618510752354635] [ReadPayload] Pushing fragment: 312
[1618510752354641] [ReadPayload] Pushing fragment: 313
[1618510752354647] [ReadPayload] Pushing fragment: 314
[1618510752354654] [ReadPayload] Pushing fragment: 315
[1618510752354661] [ReadPayload] Pushing fragment: 316
[1618510752354668] [ReadPayload] Pushing fragment: 317
[1618510752354674] [ReadPayload] Pushing fragment: 318
[1618510752354681] [ReadPayload] Pushing fragment: 319
[1618510752354687] [ReadPayload] Pushing fragment: 320
[1618510752354693] [ReadPayload] Pushing fragment: 321
[1618510752354701] [ReadPayload] Pushing fragment: 322
[1618510752354707] [ReadPayload] Pushing fragment: 323
[1618510752354713] [ReadPayload] Pushing fragment: 324
[1618510752354720] [ReadPayload] Pushing fragment: 325
[1618510752354727] [ReadPayload] Pushing fragment: 326
[1618510752354733] [ReadPayload] Pushing fragment: 327
[1618510752354739] [ReadPayload] Pushing fragment: 328
[1618510752354747] [ReadPayload] Pushing fragment: 329
[1618510752354753] [ReadPayload] Pushing fragment: 330
[1618510752354759] [ReadPayload] Pushing fragment: 331
[1618510752354767] [ReadPayload] Pushing fragment: 332
[1618510752354773] [ReadPayload] Pushing fragment: 333
[1618510752354779] [ReadPayload] Pushing fragment: 334
[1618510752354785] [ReadPayload] Pushing fragment: 335
[1618510752354792] [ReadPayload] Pushing fragment: 336
[1618510752354799] [ReadPayload] Pushing fragment: 337
[1618510752354805] [ReadPayload] Pushing fragment: 338
[1618510752354812] [ReadPayload] Pushing fragment: 339
[1618510752354818] [ReadPayload] Pushing fragment: 340
[1618510752354825] [ReadPayload] Pushing fragment: 341
[1618510752354832] [ReadPayload] Pushing fragment: 342
[1618510752354838] [ReadPayload] Pushing fragment: 343
[1618510752354844] [ReadPayload] Pushing fragment: 344
[1618510752354850] [ReadPayload] Pushing fragment: 345
[1618510752354858] [ReadPayload] Pushing fragment: 346
[1618510752354864] [ReadPayload] Pushing fragment: 347
[1618510752354870] [ReadPayload] Pushing fragment: 348
[1618510752354877] [ReadPayload] Pushing fragment: 349
[1618510752354883] [ReadPayload] Pushing fragment: 350
[1618510752354890] [ReadPayload] Pushing fragment: 351
[1618510752354897] [ReadPayload] Pushing fragment: 352
[1618510752354903] [ReadPayload] Pushing fragment: 353
[1618510752354909] [ReadPayload] Pushing fragment: 354
[1618510752354916] [ReadPayload] Pushing fragment: 355
[1618510752354924] [ReadPayload] Pushing fragment: 356
[1618510752354930] [ReadPayload] Pushing fragment: 357
[1618510752354937] [ReadPayload] Pushing fragment: 358
[1618510752354944] [ReadPayload] Pushing fragment: 359
[1618510752354950] [ReadPayload] Pushing fragment: 360
[1618510752354956] [ReadPayload] Pushing fragment: 361
[1618510752354964] [ReadPayload] Pushing fragment: 362
[1618510752354970] [ReadPayload] Pushing fragment: 363
[1618510752354976] [ReadPayload] Pushing fragment: 364
[1618510752354983] [ReadPayload] Pushing fragment: 365
[1618510752354990] [ReadPayload] Pushing fragment: 366
[1618510752354997] [ReadPayload] Pushing fragment: 367
[1618510752355004] [ReadPayload] Pushing fragment: 368
[1618510752355012] [ReadPayload] Pushing fragment: 369
[1618510752355018] [ReadPayload] Pushing fragment: 370
[1618510752355025] [ReadPayload] Pushing fragment: 371
[1618510752355033] [ReadPayload] Pushing fragment: 372
[1618510752355040] [ReadPayload] Pushing fragment: 373
[1618510752355046] [ReadPayload] Pushing fragment: 374
[1618510752355053] [ReadPayload] Pushing fragment: 375
[1618510752355059] [ReadPayload] Pushing fragment: 376
[1618510752355066] [ReadPayload] Pushing fragment: 377
[1618510752355072] [ReadPayload] Pushing fragment: 378
[1618510752355079] [ReadPayload] Pushing fragment: 379
[1618510752355086] [ReadPayload] Pushing fragment: 380
[1618510752355092] [ReadPayload] Pushing fragment: 381
[1618510752355100] [ReadPayload] Pushing fragment: 382
[1618510752355106] [ReadPayload] Pushing fragment: 383
[1618510752355112] [ReadPayload] Pushing fragment: 384
[1618510752355120] [ReadPayload] Pushing fragment: 385
[1618510752355126] [ReadPayload] Pushing fragment: 386
[1618510752355132] [ReadPayload] Pushing fragment: 387
[1618510752355139] [ReadPayload] Pushing fragment: 388
[1618510752355146] [ReadPayload] Pushing fragment: 389
[1618510752355153] [ReadPayload] Pushing fragment: 390
[1618510752355159] [ReadPayload] Pushing fragment: 391
[1618510752355167] [ReadPayload] Pushing fragment: 392
[1618510752355173] [ReadPayload] Pushing fragment: 393
[1618510752355179] [ReadPayload] Pushing fragment: 394
[1618510752355186] [ReadPayload] Pushing fragment: 395
[1618510752355193] [ReadPayload] Pushing fragment: 396
[1618510752355199] [ReadPayload] Pushing fragment: 397
[1618510752355205] [ReadPayload] Pushing fragment: 398
[1618510752355213] [ReadPayload] Pushing fragment: 399
[1618510752355219] [ReadPayload] Pushing fragment: 400
[1618510752355225] [ReadPayload] Pushing fragment: 401
[1618510752355233] [ReadPayload] Pushing fragment: 402
[1618510752355240] [ReadPayload] Pushing fragment: 403
[1618510752355246] [ReadPayload] Pushing fragment: 404
[1618510752355254] [ReadPayload] Pushing fragment: 405
[1618510752355260] [ReadPayload] Pushing fragment: 406
[1618510752355266] [ReadPayload] Pushing fragment: 407
[1618510752355273] [ReadPayload] Pushing fragment: 408
[1618510752355281] [ReadPayload] Pushing fragment: 409
[1618510752355288] [ReadPayload] Pushing fragment: 410
[1618510752355294] [ReadPayload] Pushing fragment: 411
[1618510752355301] [ReadPayload] Pushing fragment: 412
[1618510752355308] [ReadPayload] Pushing fragment: 413
[1618510752355314] [ReadPayload] Pushing fragment: 414
[1618510752355322] [ReadPayload] Pushing fragment: 415
[1618510752355328] [ReadPayload] Pushing fragment: 416
[1618510752355334] [ReadPayload] Pushing fragment: 417
[1618510752355341] [ReadPayload] Pushing fragment: 418
[1618510752355348] [ReadPayload] Pushing fragment: 419
[1618510752355355] [ReadPayload] Pushing fragment: 420
[1618510752355361] [ReadPayload] Pushing fragment: 421
[1618510752355368] [ReadPayload] Pushing fragment: 422
[1618510752355375] [ReadPayload] Pushing fragment: 423
[1618510752355381] [ReadPayload] Pushing fragment: 424
[1618510752355388] [ReadPayload] Pushing fragment: 425
[1618510752355395] [ReadPayload] Pushing fragment: 426
[1618510752355401] [ReadPayload] Pushing fragment: 427
[1618510752355409] [ReadPayload] Pushing fragment: 428
[1618510752355415] [ReadPayload] Pushing fragment: 429
[1618510752355421] [ReadPayload] Pushing fragment: 430
[1618510752355428] [ReadPayload] Pushing fragment: 431
[1618510752355435] [ReadPayload] Pushing fragment: 432
[1618510752355441] [ReadPayload] Pushing fragment: 433
[1618510752355448] [ReadPayload] Pushing fragment: 434
[1618510752355455] [ReadPayload] Pushing fragment: 435
[1618510752355461] [ReadPayload] Pushing fragment: 436
[1618510752355468] [ReadPayload] Pushing fragment: 437
[1618510752355474] [ReadPayload] Pushing fragment: 438
[1618510752355481] [ReadPayload] Pushing fragment: 439
[1618510752355487] [ReadPayload] Pushing fragment: 440
[1618510752355496] [ReadPayload] Pushing fragment: 441
[1618510752355502] [ReadPayload] Pushing fragment: 442
[1618510752355509] [ReadPayload] Pushing fragment: 443
[1618510752355516] [ReadPayload] Pushing fragment: 444
[1618510752355522] [ReadPayload] Pushing fragment: 445
[1618510752355529] [ReadPayload] Pushing fragment: 446
[1618510752355537] [ReadPayload] Pushing fragment: 447
[1618510752355543] [ReadPayload] Pushing fragment: 448
[1618510752355550] [ReadPayload] Pushing fragment: 449
[1618510752355557] [ReadPayload] Pushing fragment: 450
[1618510752355563] [ReadPayload] Pushing fragment: 451
[1618510752355570] [ReadPayload] Pushing fragment: 452
[1618510752355577] [ReadPayload] Pushing fragment: 453
[1618510752355583] [ReadPayload] Pushing fragment: 454
[1618510752355589] [ReadPayload] Pushing fragment: 455
[1618510752355602] [ReadPayload] Pushing fragment: 456
[1618510752355608] [ReadPayload] Pushing fragment: 457
[1618510752355615] [ReadPayload] Pushing fragment: 458
[1618510752355622] [ReadPayload] Pushing fragment: 459
[1618510752355628] [ReadPayload] Pushing fragment: 460
[1618510752355635] [ReadPayload] Pushing fragment: 461
[1618510752355642] [ReadPayload] Pushing fragment: 462
[1618510752355648] [ReadPayload] Pushing fragment: 463
[1618510752355655] [ReadPayload] Pushing fragment: 464
[1618510752355661] [ReadPayload] Pushing fragment: 465
[1618510752355668] [ReadPayload] Pushing fragment: 466
[1618510752355675] [ReadPayload] Pushing fragment: 467
[1618510752355681] [ReadPayload] Pushing fragment: 468
[1618510752355688] [ReadPayload] Pushing fragment: 469
[1618510752355694] [ReadPayload] Pushing fragment: 470
[1618510752355700] [ReadPayload] Pushing fragment: 471
[1618510752355708] [ReadPayload] Pushing fragment: 472
[1618510752355714] [ReadPayload] Pushing fragment: 473
[1618510752355721] [ReadPayload] Pushing fragment: 474
[1618510752355728] [ReadPayload] Pushing fragment: 475
[1618510752355734] [ReadPayload] Pushing fragment: 476
[1618510752355740] [ReadPayload] Pushing fragment: 477
[1618510752355748] [ReadPayload] Pushing fragment: 478
[1618510752355754] [ReadPayload] Pushing fragment: 479
[1618510752355760] [ReadPayload] Pushing fragment: 480
[1618510752355768] [ReadPayload] Pushing fragment: 481
[1618510752355774] [ReadPayload] Pushing fragment: 482
[1618510752355780] [ReadPayload] Pushing fragment: 483
[1618510752355787] [ReadPayload] Pushing fragment: 484
[1618510752355793] [ReadPayload] Pushing fragment: 485
[1618510752355800] [ReadPayload] Pushing fragment: 486
[1618510752355807] [ReadPayload] Pushing fragment: 487
[1618510752355814] [ReadPayload] Pushing fragment: 488
[1618510752355820] [ReadPayload] Pushing fragment: 489
[1618510752355827] [ReadPayload] Pushing fragment: 490
[1618510752355833] [ReadPayload] Pushing fragment: 491
[1618510752355840] [ReadPayload] Pushing fragment: 492
[1618510752355846] [ReadPayload] Pushing fragment: 493
[1618510752355854] [ReadPayload] Pushing fragment: 494
[1618510752355860] [ReadPayload] Pushing fragment: 495
[1618510752355867] [ReadPayload] Pushing fragment: 496
[1618510752355874] [ReadPayload] Pushing fragment: 497
[1618510752355880] [ReadPayload] Pushing fragment: 498
[1618510752355887] [ReadPayload] Pushing fragment: 499
[1618510752355894] [ReadPayload] Pushing fragment: 500
[1618510752355900] [ReadPayload] Pushing fragment: 501
[1618510752355907] [ReadPayload] Pushing fragment: 502
[1618510752355914] [ReadPayload] Pushing fragment: 503
[1618510752355920] [ReadPayload] Pushing fragment: 504
[1618510752355926] [ReadPayload] Pushing fragment: 505
[1618510752355934] [ReadPayload] Pushing fragment: 506
[1618510752355940] [ReadPayload] Pushing fragment: 507
[1618510752355946] [ReadPayload] Pushing fragment: 508
[1618510752355954] [ReadPayload] Pushing fragment: 509
[1618510752355960] [ReadPayload] Pushing fragment: 510
[1618510752355966] [ReadPayload] Pushing fragment: 511
[1618510752355974] [ReadPayload] Pushing fragment: 512
[1618510752355980] [ReadPayload] Pushing fragment: 513
[1618510752355987] [ReadPayload] Pushing fragment: 514
[1618510752355994] [ReadPayload] Pushing fragment: 515
[1618510752356002] [ReadPayload] Pushing fragment: 516
[1618510752356009] [ReadPayload] Pushing fragment: 517
[1618510752356015] [ReadPayload] Pushing fragment: 518
[1618510752356022] [ReadPayload] Pushing fragment: 519
[1618510752356029] [ReadPayload] Pushing fragment: 520
[1618510752356035] [ReadPayload] Pushing fragment: 521
[1618510752356042] [ReadPayload] Pushing fragment: 522
[1618510752356048] [ReadPayload] Pushing fragment: 523
[1618510752356055] [ReadPayload] Pushing fragment: 524
[1618510752356062] [ReadPayload] Pushing fragment: 525
[1618510752356068] [ReadPayload] Pushing fragment: 526
[1618510752356075] [ReadPayload] Pushing fragment: 527
[1618510752356082] [ReadPayload] Pushing fragment: 528
[1618510752356088] [ReadPayload] Pushing fragment: 529
[1618510752356095] [ReadPayload] Pushing fragment: 530
[1618510752356102] [ReadPayload] Pushing fragment: 531
[1618510752356108] [ReadPayload] Pushing fragment: 532
[1618510752356114] [ReadPayload] Pushing fragment: 533
[1618510752356122] [ReadPayload] Pushing fragment: 534
[1618510752356128] [ReadPayload] Pushing fragment: 535
[1618510752356134] [ReadPayload] Pushing fragment: 536
[1618510752356157] [ReadPayload] Pushing fragment: 537
[1618510752356169] [ReadPayload] Pushing fragment: 538
[1618510752356178] [ReadPayload] Pushing fragment: 539
[1618510752356195] [ReadPayload] Pushing fragment: 540
[1618510752356202] [ReadPayload] Pushing fragment: 541
[1618510752356217] [ReadPayload] Pushing fragment: 542
[1618510752356223] [ReadPayload] Pushing fragment: 543
[1618510752356231] [ReadPayload] Pushing fragment: 544
[1618510752356237] [ReadPayload] Pushing fragment: 545
[1618510752356244] [ReadPayload] Pushing fragment: 546
[1618510752356251] [ReadPayload] Pushing fragment: 547
[1618510752356257] [ReadPayload] Pushing fragment: 548
[1618510752356264] [ReadPayload] Pushing fragment: 549
[1618510752356271] [ReadPayload] Pushing fragment: 550
[1618510752356277] [ReadPayload] Pushing fragment: 551
[1618510752356284] [ReadPayload] Pushing fragment: 552
[1618510752356291] [ReadPayload] Pushing fragment: 553
[1618510752356297] [ReadPayload] Pushing fragment: 554
[1618510752356303] [ReadPayload] Pushing fragment: 555
[1618510752356311] [ReadPayload] Pushing fragment: 556
[1618510752356317] [ReadPayload] Pushing fragment: 557
[1618510752356323] [ReadPayload] Pushing fragment: 558
[1618510752356331] [ReadPayload] Pushing fragment: 559
[1618510752356337] [ReadPayload] Pushing fragment: 560
[1618510752356343] [ReadPayload] Pushing fragment: 561
[1618510752356351] [ReadPayload] Pushing fragment: 562
[1618510752356357] [ReadPayload] Pushing fragment: 563
[1618510752356363] [ReadPayload] Pushing fragment: 564
[1618510752356371] [ReadPayload] Pushing fragment: 565
[1618510752356377] [ReadPayload] Pushing fragment: 566
[1618510752356383] [ReadPayload] Pushing fragment: 567
[1618510752356389] [ReadPayload] Pushing fragment: 568
[1618510752356397] [ReadPayload] Pushing fragment: 569
[1618510752356403] [ReadPayload] Pushing fragment: 570
[1618510752356409] [ReadPayload] Pushing fragment: 571
[1618510752356417] [ReadPayload] Pushing fragment: 572
[1618510752356423] [ReadPayload] Pushing fragment: 573
[1618510752356429] [ReadPayload] Pushing fragment: 574
[1618510752356437] [ReadPayload] Pushing fragment: 575
[1618510752356443] [ReadPayload] Pushing fragment: 576
[1618510752356449] [ReadPayload] Pushing fragment: 577
[1618510752356457] [ReadPayload] Pushing fragment: 578
[1618510752356463] [ReadPayload] Pushing fragment: 579
[1618510752356469] [ReadPayload] Pushing fragment: 580
[1618510752356476] [ReadPayload] Pushing fragment: 581
[1618510752356483] [ReadPayload] Pushing fragment: 582
[1618510752356489] [ReadPayload] Pushing fragment: 583
[1618510752356498] [ReadPayload] Pushing fragment: 584
[1618510752356504] [ReadPayload] Pushing fragment: 585
[1618510752356510] [ReadPayload] Pushing fragment: 586
[1618510752356518] [ReadPayload] Pushing fragment: 587
[1618510752356524] [ReadPayload] Pushing fragment: 588
[1618510752356530] [ReadPayload] Pushing fragment: 589
[1618510752356540] [ReadPayload] Pushing fragment: 590
[1618510752356546] [ReadPayload] Pushing fragment: 591
[1618510752356552] [ReadPayload] Pushing fragment: 592
[1618510752356559] [ReadPayload] Pushing fragment: 593
[1618510752356566] [ReadPayload] Pushing fragment: 594
[1618510752356572] [ReadPayload] Pushing fragment: 595
[1618510752356579] [ReadPayload] Pushing fragment: 596
[1618510752356586] [ReadPayload] Pushing fragment: 597
[1618510752356593] [ReadPayload] Pushing fragment: 598
[1618510752356599] [ReadPayload] Pushing fragment: 599
[1618510752356606] [ReadPayload] Pushing fragment: 600
[1618510752356612] [ReadPayload] Pushing fragment: 601
[1618510752356619] [ReadPayload] Pushing fragment: 602
[1618510752356626] [ReadPayload] Pushing fragment: 603
[1618510752356633] [ReadPayload] Pushing fragment: 604
[1618510752356639] [ReadPayload] Pushing fragment: 605
[1618510752356646] [ReadPayload] Pushing fragment: 606
[1618510752356652] [ReadPayload] Pushing fragment: 607
[1618510752356659] [ReadPayload] Pushing fragment: 608
[1618510752356666] [ReadPayload] Pushing fragment: 609
[1618510752356672] [ReadPayload] Pushing fragment: 610
[1618510752356678] [ReadPayload] Pushing fragment: 611
[1618510752356686] [ReadPayload] Pushing fragment: 612
[1618510752356692] [ReadPayload] Pushing fragment: 613
[1618510752356698] [ReadPayload] Pushing fragment: 614
[1618510752356707] [ReadPayload] Pushing fragment: 615
[1618510752356713] [ReadPayload] Pushing fragment: 616
[1618510752356719] [ReadPayload] Pushing fragment: 617
[1618510752356725] [ReadPayload] Pushing fragment: 618
[1618510752356733] [ReadPayload] Pushing fragment: 619
[1618510752356739] [ReadPayload] Pushing fragment: 620
[1618510752356745] [ReadPayload] Pushing fragment: 621
[1618510752356752] [ReadPayload] Pushing fragment: 622
[1618510752356758] [ReadPayload] Pushing fragment: 623
[1618510752356764] [ReadPayload] Pushing fragment: 624
[1618510752356771] [ReadPayload] Pushing fragment: 625
[1618510752356777] [ReadPayload] Pushing fragment: 626
[1618510752356784] [ReadPayload] Pushing fragment: 627
[1618510752356792] [ReadPayload] Pushing fragment: 628
[1618510752356798] [ReadPayload] Pushing fragment: 629
[1618510752356804] [ReadPayload] Pushing fragment: 630
[1618510752356812] [ReadPayload] Pushing fragment: 631
[1618510752356818] [ReadPayload] Pushing fragment: 632
[1618510752356824] [ReadPayload] Pushing fragment: 633
[1618510752356831] [ReadPayload] Pushing fragment: 634
[1618510752356838] [ReadPayload] Pushing fragment: 635
[1618510752356844] [ReadPayload] Pushing fragment: 636
[1618510752356851] [ReadPayload] Pushing fragment: 637
[1618510752356857] [ReadPayload] Pushing fragment: 638
[1618510752356863] [ReadPayload] Pushing fragment: 639
[1618510752356871] [ReadPayload] Pushing fragment: 640
[1618510752356877] [ReadPayload] Pushing fragment: 641
[1618510752356883] [ReadPayload] Pushing fragment: 642
[1618510752356890] [ReadPayload] Pushing fragment: 643
[1618510752356897] [ReadPayload] Pushing fragment: 644
[1618510752356903] [ReadPayload] Pushing fragment: 645
[1618510752356908] [ReadPayload] Pushing fragment: 646
[1618510752356920] [ReadPayload] Pushing fragment: 647
[1618510752356926] [ReadPayload] Pushing fragment: 648
[1618510752356933] [ReadPayload] Pushing fragment: 649
[1618510752356940] [ReadPayload] Pushing fragment: 650
[1618510752356946] [ReadPayload] Pushing fragment: 651
[1618510752356952] [ReadPayload] Pushing fragment: 652
[1618510752356960] [ReadPayload] Pushing fragment: 653
[1618510752356966] [ReadPayload] Pushing fragment: 654
[1618510752356972] [ReadPayload] Pushing fragment: 655
[1618510752356979] [ReadPayload] Pushing fragment: 656
[1618510752356985] [ReadPayload] Pushing fragment: 657
[1618510752356992] [ReadPayload] Pushing fragment: 658
[1618510752356999] [ReadPayload] Pushing fragment: 659
[1618510752357005] [ReadPayload] Pushing fragment: 660
[1618510752357011] [ReadPayload] Pushing fragment: 661
[1618510752357019] [ReadPayload] Pushing fragment: 662
[1618510752357025] [ReadPayload] Pushing fragment: 663
[1618510752357033] [ReadPayload] Pushing fragment: 664
[1618510752357040] [ReadPayload] Pushing fragment: 665
[1618510752357046] [ReadPayload] Pushing fragment: 666
[1618510752357052] [ReadPayload] Pushing fragment: 667
[1618510752357060] [ReadPayload] Pushing fragment: 668
[1618510752357066] [ReadPayload] Pushing fragment: 669
[1618510752357072] [ReadPayload] Pushing fragment: 670
[1618510752357079] [ReadPayload] Pushing fragment: 671
[1618510752357087] [ReadPayload] Pushing fragment: 672
[1618510752357094] [ReadPayload] Pushing fragment: 673
[1618510752357100] [ReadPayload] Pushing fragment: 674
[1618510752357107] [ReadPayload] Pushing fragment: 675
[1618510752357113] [ReadPayload] Pushing fragment: 676
[1618510752357119] [ReadPayload] Pushing fragment: 677
[1618510752357127] [ReadPayload] Pushing fragment: 678
[1618510752357132] [ReadPayload] Pushing fragment: 679
[1618510752357139] [ReadPayload] Pushing fragment: 680
[1618510752357146] [ReadPayload] Pushing fragment: 681
[1618510752357152] [ReadPayload] Pushing fragment: 682
[1618510752357158] [ReadPayload] Pushing fragment: 683
[1618510752357165] [ReadPayload] Pushing fragment: 684
[1618510752357172] [ReadPayload] Pushing fragment: 685
[1618510752357178] [ReadPayload] Pushing fragment: 686
[1618510752357185] [ReadPayload] Pushing fragment: 687
[1618510752357191] [ReadPayload] Pushing fragment: 688
[1618510752357197] [ReadPayload] Pushing fragment: 689
[1618510752357205] [ReadPayload] Pushing fragment: 690
[1618510752357211] [ReadPayload] Pushing fragment: 691
[1618510752357217] [ReadPayload] Pushing fragment: 692
[1618510752357224] [ReadPayload] Pushing fragment: 693
[1618510752357231] [ReadPayload] Pushing fragment: 694
[1618510752357237] [ReadPayload] Pushing fragment: 695
[1618510752357243] [ReadPayload] Pushing fragment: 696
[1618510752357250] [ReadPayload] Pushing fragment: 697
[1618510752357257] [ReadPayload] Pushing fragment: 698
[1618510752357263] [ReadPayload] Pushing fragment: 699
[1618510752357270] [ReadPayload] Pushing fragment: 700
[1618510752357276] [ReadPayload] Pushing fragment: 701
[1618510752357283] [ReadPayload] Pushing fragment: 702
[1618510752357290] [ReadPayload] Pushing fragment: 703
[1618510752357296] [ReadPayload] Pushing fragment: 704
[1618510752357302] [ReadPayload] Pushing fragment: 705
[1618510752357309] [ReadPayload] Pushing fragment: 706
[1618510752357316] [ReadPayload] Pushing fragment: 707
[1618510752357322] [ReadPayload] Pushing fragment: 708
[1618510752357329] [ReadPayload] Pushing fragment: 709
[1618510752357335] [ReadPayload] Pushing fragment: 710
[1618510752357342] [ReadPayload] Pushing fragment: 711
[1618510752357349] [ReadPayload] Pushing fragment: 712
[1618510752357355] [ReadPayload] Pushing fragment: 713
[1618510752357361] [ReadPayload] Pushing fragment: 714
[1618510752357369] [ReadPayload] Pushing fragment: 715
[1618510752357375] [ReadPayload] Pushing fragment: 716
[1618510752357381] [ReadPayload] Pushing fragment: 717
[1618510752357390] [ReadPayload] Pushing fragment: 718
[1618510752357396] [ReadPayload] Pushing fragment: 719
[1618510752357402] [ReadPayload] Pushing fragment: 720
[1618510752357409] [ReadPayload] Pushing fragment: 721
[1618510752357416] [ReadPayload] Pushing fragment: 722
[1618510752357422] [ReadPayload] Pushing fragment: 723
[1618510752357428] [ReadPayload] Pushing fragment: 724
[1618510752357436] [ReadPayload] Pushing fragment: 725
[1618510752357442] [ReadPayload] Pushing fragment: 726
[1618510752357448] [ReadPayload] Pushing fragment: 727
[1618510752357455] [ReadPayload] Pushing fragment: 728
[1618510752357462] [ReadPayload] Pushing fragment: 729
[1618510752357468] [ReadPayload] Pushing fragment: 730
[1618510752357475] [ReadPayload] Pushing fragment: 731
[1618510752357481] [ReadPayload] Pushing fragment: 732
[1618510752357487] [ReadPayload] Pushing fragment: 733
[1618510752357495] [ReadPayload] Pushing fragment: 734
[1618510752357501] [ReadPayload] Pushing fragment: 735
[1618510752357507] [ReadPayload] Pushing fragment: 736
[1618510752357514] [ReadPayload] Pushing fragment: 737
[1618510752357521] [ReadPayload] Pushing fragment: 738
[1618510752357529] [ReadPayload] Pushing fragment: 739
[1618510752357536] [ReadPayload] Pushing fragment: 740
[1618510752357542] [ReadPayload] Pushing fragment: 741
[1618510752357548] [ReadPayload] Pushing fragment: 742
[1618510752357556] [ReadPayload] Pushing fragment: 743
[1618510752357562] [ReadPayload] Pushing fragment: 744
[1618510752357568] [ReadPayload] Pushing fragment: 745
[1618510752357574] [ReadPayload] Pushing fragment: 746
[1618510752357582] [ReadPayload] Pushing fragment: 747
[1618510752357588] [ReadPayload] Pushing fragment: 748
[1618510752357594] [ReadPayload] Pushing fragment: 749
[1618510752357602] [ReadPayload] Pushing fragment: 750
[1618510752357608] [ReadPayload] Pushing fragment: 751
[1618510752357614] [ReadPayload] Pushing fragment: 752
[1618510752357621] [ReadPayload] Pushing fragment: 753
[1618510752357628] [ReadPayload] Pushing fragment: 754
[1618510752357634] [ReadPayload] Pushing fragment: 755
[1618510752357642] [ReadPayload] Pushing fragment: 756
[1618510752357648] [ReadPayload] Pushing fragment: 757
[1618510752357654] [ReadPayload] Pushing fragment: 758
[1618510752357661] [ReadPayload] Pushing fragment: 759
[1618510752357668] [ReadPayload] Pushing fragment: 760
[1618510752357674] [ReadPayload] Pushing fragment: 761
[1618510752357682] [ReadPayload] Pushing fragment: 762
[1618510752357688] [ReadPayload] Pushing fragment: 763
[1618510752357695] [ReadPayload] Pushing fragment: 764
[1618510752357702] [ReadPayload] Pushing fragment: 765
[1618510752357708] [ReadPayload] Pushing fragment: 766
[1618510752357714] [ReadPayload] Pushing fragment: 767
[1618510752357722] [ReadPayload] Pushing fragment: 768
[1618510752357728] [ReadPayload] Pushing fragment: 769
[1618510752357734] [ReadPayload] Pushing fragment: 770
[1618510752357740] [ReadPayload] Pushing fragment: 771
[1618510752357748] [ReadPayload] Pushing fragment: 772
[1618510752357754] [ReadPayload] Pushing fragment: 773
[1618510752357760] [ReadPayload] Pushing fragment: 774
[1618510752357768] [ReadPayload] Pushing fragment: 775
[1618510752357774] [ReadPayload] Pushing fragment: 776
[1618510752357780] [ReadPayload] Pushing fragment: 777
[1618510752357787] [ReadPayload] Pushing fragment: 778
[1618510752357794] [ReadPayload] Pushing fragment: 779
[1618510752357800] [ReadPayload] Pushing fragment: 780
[1618510752357807] [ReadPayload] Pushing fragment: 781
[1618510752357814] [ReadPayload] Pushing fragment: 782
[1618510752357820] [ReadPayload] Pushing fragment: 783
[1618510752357827] [ReadPayload] Pushing fragment: 784
[1618510752357833] [ReadPayload] Pushing fragment: 785
[1618510752357840] [ReadPayload] Pushing fragment: 786
[1618510752357847] [ReadPayload] Pushing fragment: 787
[1618510752357853] [ReadPayload] Pushing fragment: 788
[1618510752357860] [ReadPayload] Pushing fragment: 789
[1618510752357867] [ReadPayload] Pushing fragment: 790
[1618510752357873] [ReadPayload] Pushing fragment: 791
[1618510752357880] [ReadPayload] Pushing fragment: 792
[1618510752357887] [ReadPayload] Pushing fragment: 793
[1618510752357893] [ReadPayload] Pushing fragment: 794
[1618510752357899] [ReadPayload] Pushing fragment: 795
[1618510752357907] [ReadPayload] Pushing fragment: 796
[1618510752357913] [ReadPayload] Pushing fragment: 797
[1618510752357919] [ReadPayload] Pushing fragment: 798
[1618510752357925] [ReadPayload] Pushing fragment: 799
[1618510752357933] [ReadPayload] Pushing fragment: 800
[1618510752357939] [ReadPayload] Pushing fragment: 801
[1618510752357945] [ReadPayload] Pushing fragment: 802
[1618510752357953] [ReadPayload] Pushing fragment: 803
[1618510752357959] [ReadPayload] Pushing fragment: 804
[1618510752357965] [ReadPayload] Pushing fragment: 805
[1618510752357972] [ReadPayload] Pushing fragment: 806
[1618510752357978] [ReadPayload] Pushing fragment: 807
[1618510752357984] [ReadPayload] Pushing fragment: 808
[1618510752357993] [ReadPayload] Pushing fragment: 809
[1618510752357999] [ReadPayload] Pushing fragment: 810
[1618510752358005] [ReadPayload] Pushing fragment: 811
[1618510752358012] [ReadPayload] Pushing fragment: 812
[1618510752358020] [ReadPayload] Pushing fragment: 813
[1618510752358027] [ReadPayload] Pushing fragment: 814
[1618510752358034] [ReadPayload] Pushing fragment: 815
[1618510752358040] [ReadPayload] Pushing fragment: 816
[1618510752358046] [ReadPayload] Pushing fragment: 817
[1618510752358054] [ReadPayload] Pushing fragment: 818
[1618510752358060] [ReadPayload] Pushing fragment: 819
[1618510752358066] [ReadPayload] Pushing fragment: 820
[1618510752358074] [ReadPayload] Pushing fragment: 821
[1618510752358081] [ReadPayload] Pushing fragment: 822
[1618510752358087] [ReadPayload] Pushing fragment: 823
[1618510752358093] [ReadPayload] Pushing fragment: 824
[1618510752358100] [ReadPayload] Pushing fragment: 825
[1618510752358107] [ReadPayload] Pushing fragment: 826
[1618510752358113] [ReadPayload] Pushing fragment: 827
[1618510752358121] [ReadPayload] Pushing fragment: 828
[1618510752358127] [ReadPayload] Pushing fragment: 829
[1618510752358133] [ReadPayload] Pushing fragment: 830
[1618510752358140] [ReadPayload] Pushing fragment: 831
[1618510752358146] [ReadPayload] Pushing fragment: 832
[1618510752358153] [ReadPayload] Pushing fragment: 833
[1618510752358165] [ReadPayload] Pushing fragment: 834
[1618510752358171] [ReadPayload] Pushing fragment: 835
[1618510752358177] [ReadPayload] Pushing fragment: 836
[1618510752358185] [ReadPayload] Pushing fragment: 837
[1618510752358191] [ReadPayload] Pushing fragment: 838
[1618510752358197] [ReadPayload] Pushing fragment: 839
[1618510752358204] [ReadPayload] Pushing fragment: 840
[1618510752358210] [ReadPayload] Pushing fragment: 841
[1618510752358217] [ReadPayload] Pushing fragment: 842
[1618510752358224] [ReadPayload] Pushing fragment: 843
[1618510752358230] [ReadPayload] Pushing fragment: 844
[1618510752358236] [ReadPayload] Pushing fragment: 845
[1618510752358244] [ReadPayload] Pushing fragment: 846
[1618510752358250] [ReadPayload] Pushing fragment: 847
[1618510752358256] [ReadPayload] Pushing fragment: 848
[1618510752358263] [ReadPayload] Pushing fragment: 849
[1618510752358271] [ReadPayload] Pushing fragment: 850
[1618510752358277] [ReadPayload] Pushing fragment: 851
[1618510752358283] [ReadPayload] Pushing fragment: 852
[1618510752358292] [ReadPayload] Pushing fragment: 853
[1618510752358298] [ReadPayload] Pushing fragment: 854
[1618510752358304] [ReadPayload] Pushing fragment: 855
[1618510752358311] [ReadPayload] Pushing fragment: 856
[1618510752358317] [ReadPayload] Pushing fragment: 857
[1618510752358324] [ReadPayload] Pushing fragment: 858
[1618510752358331] [ReadPayload] Pushing fragment: 859
[1618510752358337] [ReadPayload] Pushing fragment: 860
[1618510752358344] [ReadPayload] Pushing fragment: 861
[1618510752358351] [ReadPayload] Pushing fragment: 862
[1618510752358357] [ReadPayload] Pushing fragment: 863
[1618510752358363] [ReadPayload] Pushing fragment: 864
[1618510752358371] [ReadPayload] Pushing fragment: 865
[1618510752358377] [ReadPayload] Pushing fragment: 866
[1618510752358383] [ReadPayload] Pushing fragment: 867
[1618510752358390] [ReadPayload] Pushing fragment: 868
[1618510752358397] [ReadPayload] Pushing fragment: 869
[1618510752358403] [ReadPayload] Pushing fragment: 870
[1618510752358410] [ReadPayload] Pushing fragment: 871
[1618510752358417] [ReadPayload] Pushing fragment: 872
[1618510752358423] [ReadPayload] Pushing fragment: 873
[1618510752358429] [ReadPayload] Pushing fragment: 874
[1618510752358437] [ReadPayload] Pushing fragment: 875
[1618510752358443] [ReadPayload] Pushing fragment: 876
[1618510752358449] [ReadPayload] Pushing fragment: 877
[1618510752358457] [ReadPayload] Pushing fragment: 878
[1618510752358463] [ReadPayload] Pushing fragment: 879
[1618510752358469] [ReadPayload] Pushing fragment: 880
[1618510752358476] [ReadPayload] Pushing fragment: 881
[1618510752358482] [ReadPayload] Pushing fragment: 882
[1618510752358489] [ReadPayload] Pushing fragment: 883
[1618510752358496] [ReadPayload] Pushing fragment: 884
[1618510752358502] [ReadPayload] Pushing fragment: 885
[1618510752358509] [ReadPayload] Pushing fragment: 886
[1618510752358516] [ReadPayload] Pushing fragment: 887
[1618510752358524] [ReadPayload] Pushing fragment: 888
[1618510752358530] [ReadPayload] Pushing fragment: 889
[1618510752358537] [ReadPayload] Pushing fragment: 890
[1618510752358544] [ReadPayload] Pushing fragment: 891
[1618510752358550] [ReadPayload] Pushing fragment: 892
[1618510752358557] [ReadPayload] Pushing fragment: 893
[1618510752358563] [ReadPayload] Pushing fragment: 894
[1618510752358570] [ReadPayload] Pushing fragment: 895
[1618510752358578] [ReadPayload] Pushing fragment: 896
[1618510752358584] [ReadPayload] Pushing fragment: 897
[1618510752358590] [ReadPayload] Pushing fragment: 898
[1618510752358597] [ReadPayload] Pushing fragment: 899
[1618510752358604] [ReadPayload] Pushing fragment: 900
[1618510752358610] [ReadPayload] Pushing fragment: 901
[1618510752358616] [ReadPayload] Pushing fragment: 902
[1618510752358624] [ReadPayload] Pushing fragment: 903
[1618510752358630] [ReadPayload] Pushing fragment: 904
[1618510752358636] [ReadPayload] Pushing fragment: 905
[1618510752358643] [ReadPayload] Pushing fragment: 906
[1618510752358650] [ReadPayload] Pushing fragment: 907
[1618510752358656] [ReadPayload] Pushing fragment: 908
[1618510752358663] [ReadPayload] Pushing fragment: 909
[1618510752358669] [ReadPayload] Pushing fragment: 910
[1618510752358676] [ReadPayload] Pushing fragment: 911
[1618510752358683] [ReadPayload] Pushing fragment: 912
[1618510752358689] [ReadPayload] Pushing fragment: 913
[1618510752358695] [ReadPayload] Pushing fragment: 914
[1618510752358703] [ReadPayload] Pushing fragment: 915
[1618510752358709] [ReadPayload] Pushing fragment: 916
[1618510752358715] [ReadPayload] Pushing fragment: 917
[1618510752358722] [ReadPayload] Pushing fragment: 918
[1618510752358728] [ReadPayload] Pushing fragment: 919
[1618510752358735] [ReadPayload] Pushing fragment: 920
[1618510752358742] [ReadPayload] Pushing fragment: 921
[1618510752358748] [ReadPayload] Pushing fragment: 922
[1618510752358754] [ReadPayload] Pushing fragment: 923
[1618510752358762] [ReadPayload] Pushing fragment: 924
[1618510752358769] [ReadPayload] Pushing fragment: 925
[1618510752358775] [ReadPayload] Pushing fragment: 926
[1618510752358781] [ReadPayload] Pushing fragment: 927
[1618510752358788] [ReadPayload] Pushing fragment: 928
[1618510752358795] [ReadPayload] Pushing fragment: 929
[1618510752358801] [ReadPayload] Pushing fragment: 930
[1618510752358808] [ReadPayload] Pushing fragment: 931
[1618510752358814] [ReadPayload] Pushing fragment: 932
[1618510752358820] [ReadPayload] Pushing fragment: 933
[1618510752358828] [ReadPayload] Pushing fragment: 934
[1618510752358834] [ReadPayload] Pushing fragment: 935
[1618510752358840] [ReadPayload] Pushing fragment: 936
[1618510752358848] [ReadPayload] Pushing fragment: 937
[1618510752358854] [ReadPayload] Pushing fragment: 938
[1618510752358860] [ReadPayload] Pushing fragment: 939
[1618510752358867] [ReadPayload] Pushing fragment: 940
[1618510752358874] [ReadPayload] Pushing fragment: 941
[1618510752358880] [ReadPayload] Pushing fragment: 942
[1618510752358888] [ReadPayload] Pushing fragment: 943
[1618510752358894] [ReadPayload] Pushing fragment: 944
[1618510752358901] [ReadPayload] Pushing fragment: 945
[1618510752358908] [ReadPayload] Pushing fragment: 946
[1618510752358914] [ReadPayload] Pushing fragment: 947
[1618510752358920] [ReadPayload] Pushing fragment: 948
[1618510752358927] [ReadPayload] Pushing fragment: 949
[1618510752358934] [ReadPayload] Pushing fragment: 950
[1618510752358940] [ReadPayload] Pushing fragment: 951
[1618510752358946] [ReadPayload] Pushing fragment: 952
[1618510752358954] [ReadPayload] Pushing fragment: 953
[1618510752358960] [ReadPayload] Pushing fragment: 954
[1618510752358966] [ReadPayload] Pushing fragment: 955
[1618510752358974] [ReadPayload] Pushing fragment: 956
[1618510752358980] [ReadPayload] Pushing fragment: 957
[1618510752358986] [ReadPayload] Pushing fragment: 958
[1618510752358993] [ReadPayload] Pushing fragment: 959
[1618510752359000] [ReadPayload] Pushing fragment: 960
[1618510752359006] [ReadPayload] Pushing fragment: 961
[1618510752359015] [ReadPayload] Pushing fragment: 962
[1618510752359021] [ReadPayload] Pushing fragment: 963
[1618510752359027] [ReadPayload] Pushing fragment: 964
[1618510752359035] [ReadPayload] Pushing fragment: 965
[1618510752359041] [ReadPayload] Pushing fragment: 966
[1618510752359047] [ReadPayload] Pushing fragment: 967
[1618510752359055] [ReadPayload] Pushing fragment: 968
[1618510752359061] [ReadPayload] Pushing fragment: 969
[1618510752359067] [ReadPayload] Pushing fragment: 970
[1618510752359074] [ReadPayload] Pushing fragment: 971
[1618510752359081] [ReadPayload] Pushing fragment: 972
[1618510752359087] [ReadPayload] Pushing fragment: 973
[1618510752359094] [ReadPayload] Pushing fragment: 974
[1618510752359100] [ReadPayload] Pushing fragment: 975
[1618510752359107] [ReadPayload] Pushing fragment: 976
[1618510752359113] [ReadPayload] Pushing fragment: 977
[1618510752359120] [ReadPayload] Pushing fragment: 978
[1618510752359126] [ReadPayload] Pushing fragment: 979
[1618510752359132] [ReadPayload] Pushing fragment: 980
[1618510752359139] [ReadPayload] Pushing fragment: 981
[1618510752359146] [ReadPayload] Pushing fragment: 982
[1618510752359152] [ReadPayload] Pushing fragment: 983
[1618510752359159] [ReadPayload] Pushing fragment: 984
[1618510752359165] [ReadPayload] Pushing fragment: 985
[1618510752359172] [ReadPayload] Pushing fragment: 986
[1618510752359180] [ReadPayload] Pushing fragment: 987
[1618510752359186] [ReadPayload] Pushing fragment: 988
[1618510752359192] [ReadPayload] Pushing fragment: 989
[1618510752359200] [ReadPayload] Pushing fragment: 990
[1618510752359206] [ReadPayload] Pushing fragment: 991
[1618510752359211] [ReadPayload] Pushing fragment: 992
[1618510752359219] [ReadPayload] Pushing fragment: 993
[1618510752359224] [ReadPayload] Pushing fragment: 994
[1618510752359231] [ReadPayload] Pushing fragment: 995
[1618510752359238] [ReadPayload] Pushing fragment: 996
[1618510752359244] [ReadPayload] Pushing fragment: 997
[1618510752359250] [ReadPayload] Pushing fragment: 998
[1618510752359257] [ReadPayload] Pushing fragment: 999
[1618510752359264] [ReadPayload] Pushing fragment: 1000
[1618510752359270] [ReadPayload] Pushing fragment: 1001
[1618510752359276] [ReadPayload] Pushing fragment: 1002
[1618510752359284] [ReadPayload] Pushing fragment: 1003
[1618510752359290] [ReadPayload] Pushing fragment: 1004
[1618510752359296] [ReadPayload] Pushing fragment: 1005
[1618510752359303] [ReadPayload] Pushing fragment: 1006
[1618510752359310] [ReadPayload] Pushing fragment: 1007
[1618510752359315] [ReadPayload] Pushing fragment: 1008
[1618510752359323] [ReadPayload] Pushing fragment: 1009
[1618510752359329] [ReadPayload] Pushing fragment: 1010
[1618510752359335] [ReadPayload] Pushing fragment: 1011
[1618510752359343] [ReadPayload] Pushing fragment: 1012
[1618510752359349] [ReadPayload] Pushing fragment: 1013
[1618510752359355] [ReadPayload] Pushing fragment: 1014
[1618510752359363] [ReadPayload] Pushing fragment: 1015
[1618510752359369] [ReadPayload] Pushing fragment: 1016
[1618510752359374] [ReadPayload] Pushing fragment: 1017
[1618510752359381] [ReadPayload] Pushing fragment: 1018
[1618510752359388] [ReadPayload] Pushing fragment: 1019
[1618510752359394] [ReadPayload] Pushing fragment: 1020
[1618510752359401] [ReadPayload] Pushing fragment: 1021
[1618510752359407] [ReadPayload] Pushing fragment: 1022
[1618510752359414] [ReadPayload] Pushing fragment: 1023
[1618510752359426] [ReadPayload] Pushing fragment: 1024
[1618510752359432] [ReadPayload] Pushing fragment: 1025
[1618510752359437] [ReadPayload] Pushing fragment: 1026
[1618510752359443] [ReadPayload] Pushing fragment: 1027
[1618510752359451] [ReadPayload] Pushing fragment: 1028
[1618510752359457] [ReadPayload] Pushing fragment: 1029
[1618510752359464] [ReadPayload] Pushing fragment: 1030
[1618510752359471] [ReadPayload] Pushing fragment: 1031
[1618510752359477] [ReadPayload] Pushing fragment: 1032
[1618510752359483] [ReadPayload] Pushing fragment: 1033
[1618510752359491] [ReadPayload] Pushing fragment: 1034
[1618510752359497] [ReadPayload] Pushing fragment: 1035
[1618510752359505] [ReadPayload] Pushing fragment: 1036
[1618510752359513] [ReadPayload] Pushing fragment: 1037
[1618510752359519] [ReadPayload] Pushing fragment: 1038
[1618510752359525] [ReadPayload] Pushing fragment: 1039
[1618510752359532] [ReadPayload] Pushing fragment: 1040
[1618510752359538] [ReadPayload] Pushing fragment: 1041
[1618510752359544] [ReadPayload] Pushing fragment: 1042
[1618510752359552] [ReadPayload] Pushing fragment: 1043
[1618510752359558] [ReadPayload] Pushing fragment: 1044
[1618510752359564] [ReadPayload] Pushing fragment: 1045
[1618510752359571] [ReadPayload] Pushing fragment: 1046
[1618510752359578] [ReadPayload] Pushing fragment: 1047
[1618510752359584] [ReadPayload] Pushing fragment: 1048
[1618510752359591] [ReadPayload] Pushing fragment: 1049
[1618510752359597] [ReadPayload] Pushing fragment: 1050
[1618510752359603] [ReadPayload] Pushing fragment: 1051
[1618510752359610] [ReadPayload] Pushing fragment: 1052
[1618510752359616] [ReadPayload] Pushing fragment: 1053
[1618510752359622] [ReadPayload] Pushing fragment: 1054
[1618510752359628] [ReadPayload] Pushing fragment: 1055
[1618510752359636] [ReadPayload] Pushing fragment: 1056
[1618510752359642] [ReadPayload] Pushing fragment: 1057
[1618510752359648] [ReadPayload] Pushing fragment: 1058
[1618510752359655] [ReadPayload] Pushing fragment: 1059
[1618510752359661] [ReadPayload] Pushing fragment: 1060
[1618510752359668] [ReadPayload] Pushing fragment: 1061
[1618510752359675] [ReadPayload] Pushing fragment: 1062
[1618510752359681] [ReadPayload] Pushing fragment: 1063
[1618510752359687] [ReadPayload] Pushing fragment: 1064
[1618510752359694] [ReadPayload] Pushing fragment: 1065
[1618510752359701] [ReadPayload] Pushing fragment: 1066
[1618510752359707] [ReadPayload] Pushing fragment: 1067
[1618510752359714] [ReadPayload] Pushing fragment: 1068
[1618510752359720] [ReadPayload] Pushing fragment: 1069
[1618510752359726] [ReadPayload] Pushing fragment: 1070
[1618510752359734] [ReadPayload] Pushing fragment: 1071
[1618510752359740] [ReadPayload] Pushing fragment: 1072
[1618510752359746] [ReadPayload] Pushing fragment: 1073
[1618510752359753] [ReadPayload] Pushing fragment: 1074
[1618510752359759] [ReadPayload] Pushing fragment: 1075
[1618510752359765] [ReadPayload] Pushing fragment: 1076
[1618510752359774] [ReadPayload] Pushing fragment: 1077
[1618510752359780] [ReadPayload] Pushing fragment: 1078
[1618510752359786] [ReadPayload] Pushing fragment: 1079
[1618510752359792] [ReadPayload] Pushing fragment: 1080
[1618510752359800] [ReadPayload] Pushing fragment: 1081
[1618510752359806] [ReadPayload] Pushing fragment: 1082
[1618510752359812] [ReadPayload] Pushing fragment: 1083
[1618510752359820] [ReadPayload] Pushing fragment: 1084
[1618510752359826] [ReadPayload] Pushing fragment: 1085
[1618510752359832] [ReadPayload] Pushing fragment: 1086
[1618510752359839] [ReadPayload] Pushing fragment: 1087
[1618510752359845] [ReadPayload] Pushing fragment: 1088
[1618510752359852] [ReadPayload] Pushing fragment: 1089
[1618510752359859] [ReadPayload] Pushing fragment: 1090
[1618510752359865] [ReadPayload] Pushing fragment: 1091
[1618510752359871] [ReadPayload] Pushing fragment: 1092
[1618510752359878] [ReadPayload] Pushing fragment: 1093
[1618510752359885] [ReadPayload] Pushing fragment: 1094
[1618510752359891] [ReadPayload] Pushing fragment: 1095
[1618510752359898] [ReadPayload] Pushing fragment: 1096
[1618510752359904] [ReadPayload] Pushing fragment: 1097
[1618510752359911] [ReadPayload] Pushing fragment: 1098
[1618510752359918] [ReadPayload] Pushing fragment: 1099
[1618510752359924] [ReadPayload] Pushing fragment: 1100
[1618510752359930] [ReadPayload] Pushing fragment: 1101
[1618510752359937] [ReadPayload] Pushing fragment: 1102
[1618510752359943] [ReadPayload] Pushing fragment: 1103
[1618510752359949] [ReadPayload] Pushing fragment: 1104
[1618510752359954] [ReadPayload] Pushing fragment: 1105
[1618510752359961] [ReadPayload] Pushing fragment: 1106
[1618510752359967] [ReadPayload] Pushing fragment: 1107
[1618510752359973] [ReadPayload] Pushing fragment: 1108
[1618510752359982] [ReadPayload] Pushing fragment: 1109
[1618510752359987] [ReadPayload] Pushing fragment: 1110
[1618510752359993] [ReadPayload] Pushing fragment: 1111
[1618510752360000] [ReadPayload] Pushing fragment: 1112
[1618510752360006] [ReadPayload] Pushing fragment: 1113
[1618510752360012] [ReadPayload] Pushing fragment: 1114
[1618510752360019] [ReadPayload] Pushing fragment: 1115
[1618510752360026] [ReadPayload] Pushing fragment: 1116
[1618510752360032] [ReadPayload] Pushing fragment: 1117
[1618510752360039] [ReadPayload] Pushing fragment: 1118
[1618510752360045] [ReadPayload] Pushing fragment: 1119
[1618510752360050] [ReadPayload] Pushing fragment: 1120
[1618510752360059] [ReadPayload] Pushing fragment: 1121
[1618510752360065] [ReadPayload] Pushing fragment: 1122
[1618510752360071] [ReadPayload] Pushing fragment: 1123
[1618510752360078] [ReadPayload] Pushing fragment: 1124
[1618510752360084] [ReadPayload] Pushing fragment: 1125
[1618510752360090] [ReadPayload] Pushing fragment: 1126
[1618510752360097] [ReadPayload] Pushing fragment: 1127
[1618510752360103] [ReadPayload] Pushing fragment: 1128
[1618510752360109] [ReadPayload] Pushing fragment: 1129
[1618510752360115] [ReadPayload] Pushing fragment: 1130
[1618510752360123] [ReadPayload] Pushing fragment: 1131
[1618510752360129] [ReadPayload] Pushing fragment: 1132
[1618510752360135] [ReadPayload] Pushing fragment: 1133
[1618510752360150] [ReadPayload] Pushing fragment: 1134
[1618510752360157] [ReadPayload] Pushing fragment: 1135
[1618510752360163] [ReadPayload] Pushing fragment: 1136
[1618510752360170] [ReadPayload] Pushing fragment: 1137
[1618510752360176] [ReadPayload] Pushing fragment: 1138
[1618510752360182] [ReadPayload] Pushing fragment: 1139
[1618510752360188] [ReadPayload] Pushing remaining 520 fragment: 1140
[1618510752360191] [ReadPayload] Block size: 1000
[1618510752360196] [ReadPayload] FIFO size: 1141
[1618510752360213] [ReadPayload] Closing
[1618510752360257] [ReadPayload] Status: Closing the logger
