[1614109395620398] [Filter] Status: Started new logger at ./filter.log
[1614109395620606] [Filter] Down-sampling factor D: 4
[1614109395620635] [Filter] Up-sampling factor U: 5
[1614109395620662] [Filter] Filter length: 101
[1614109395620688] [Filter] Tap: 0.000144
[1614109395620702] [Filter] Tap: -0.000923
[1614109395620714] [Filter] Tap: -0.001466
[1614109395620732] [Filter] Tap: -0.001125
[1614109395620744] [Filter] Tap: -0.000057
[1614109395620757] [Filter] Tap: 0.001118
[1614109395620769] [Filter] Tap: 0.001661
[1614109395620787] [Filter] Tap: 0.001156
[1614109395620799] [Filter] Tap: -0.000197
[1614109395620811] [Filter] Tap: -0.001639
[1614109395620823] [Filter] Tap: -0.002260
[1614109395620840] [Filter] Tap: -0.001544
[1614109395620853] [Filter] Tap: 0.000267
[1614109395620865] [Filter] Tap: 0.002226
[1614109395620882] [Filter] Tap: 0.003170
[1614109395620894] [Filter] Tap: 0.002397
[1614109395620906] [Filter] Tap: 0.000143
[1614109395620918] [Filter] Tap: -0.002444
[1614109395620935] [Filter] Tap: -0.003890
[1614109395620947] [Filter] Tap: -0.003235
[1614109395620960] [Filter] Tap: -0.000678
[1614109395620972] [Filter] Tap: 0.002414
[1614109395620988] [Filter] Tap: 0.004197
[1614109395621000] [Filter] Tap: 0.003428
[1614109395621012] [Filter] Tap: 0.000325
[1614109395621025] [Filter] Tap: -0.003355
[1614109395621041] [Filter] Tap: -0.005179
[1614109395621053] [Filter] Tap: -0.003477
[1614109395621065] [Filter] Tap: 0.001426
[1614109395621082] [Filter] Tap: 0.006974
[1614109395621094] [Filter] Tap: 0.009490
[1614109395621106] [Filter] Tap: 0.006224
[1614109395621119] [Filter] Tap: -0.002675
[1614109395621136] [Filter] Tap: -0.013448
[1614109395621148] [Filter] Tap: -0.019985
[1614109395621160] [Filter] Tap: -0.016777
[1614109395621172] [Filter] Tap: -0.002297
[1614109395621189] [Filter] Tap: 0.018963
[1614109395621201] [Filter] Tap: 0.037231
[1614109395621213] [Filter] Tap: 0.041228
[1614109395621225] [Filter] Tap: 0.023726
[1614109395621242] [Filter] Tap: -0.013479
[1614109395621254] [Filter] Tap: -0.057730
[1614109395621267] [Filter] Tap: -0.088285
[1614109395621279] [Filter] Tap: -0.083315
[1614109395621296] [Filter] Tap: -0.028728
[1614109395621308] [Filter] Tap: 0.074665
[1614109395621321] [Filter] Tap: 0.208871
[1614109395621343] [Filter] Tap: 0.342761
[1614109395621355] [Filter] Tap: 0.441458
[1614109395621367] [Filter] Tap: 0.477771
[1614109395621379] [Filter] Tap: 0.441458
[1614109395621396] [Filter] Tap: 0.342761
[1614109395621408] [Filter] Tap: 0.208871
[1614109395621420] [Filter] Tap: 0.074665
[1614109395621432] [Filter] Tap: -0.028728
[1614109395621449] [Filter] Tap: -0.083315
[1614109395621462] [Filter] Tap: -0.088285
[1614109395621474] [Filter] Tap: -0.057730
[1614109395621486] [Filter] Tap: -0.013479
[1614109395621503] [Filter] Tap: 0.023726
[1614109395621515] [Filter] Tap: 0.041228
[1614109395621527] [Filter] Tap: 0.037231
[1614109395621544] [Filter] Tap: 0.018963
[1614109395621556] [Filter] Tap: -0.002297
[1614109395621568] [Filter] Tap: -0.016777
[1614109395621581] [Filter] Tap: -0.019985
[1614109395621598] [Filter] Tap: -0.013448
[1614109395621610] [Filter] Tap: -0.002675
[1614109395621622] [Filter] Tap: 0.006224
[1614109395621635] [Filter] Tap: 0.009490
[1614109395621652] [Filter] Tap: 0.006974
[1614109395621664] [Filter] Tap: 0.001426
[1614109395621676] [Filter] Tap: -0.003477
[1614109395621688] [Filter] Tap: -0.005179
[1614109395621705] [Filter] Tap: -0.003355
[1614109395621717] [Filter] Tap: 0.000325
[1614109395621729] [Filter] Tap: 0.003428
[1614109395621747] [Filter] Tap: 0.004197
[1614109395621759] [Filter] Tap: 0.002414
[1614109395621771] [Filter] Tap: -0.000678
[1614109395621783] [Filter] Tap: -0.003235
[1614109395621802] [Filter] Tap: -0.003890
[1614109395621814] [Filter] Tap: -0.002444
[1614109395621826] [Filter] Tap: 0.000143
[1614109395621838] [Filter] Tap: 0.002397
[1614109395621855] [Filter] Tap: 0.003170
[1614109395621867] [Filter] Tap: 0.002226
[1614109395621879] [Filter] Tap: 0.000267
[1614109395621891] [Filter] Tap: -0.001544
[1614109395621909] [Filter] Tap: -0.002260
[1614109395621921] [Filter] Tap: -0.001639
[1614109395621949] [Filter] Tap: -0.000197
[1614109395621968] [Filter] Tap: 0.001156
[1614109395621980] [Filter] Tap: 0.001661
[1614109395621992] [Filter] Tap: 0.001118
[1614109395622004] [Filter] Tap: -0.000057
[1614109395622033] [Filter] Tap: -0.001125
[1614109395622045] [Filter] Tap: -0.001466
[1614109395622057] [Filter] Tap: -0.000923
[1614109395622070] [Filter] Tap: 0.000144
[1614109395662751] [Filter] Filter output length: 1250
