[1611691026334284] [Main] Status: Started new logger at ./main.log
[1611691026334776] [Main] Createing the receive usrp device with: 
[1611691027931095] [Main] Using RX Device: Single USRP:
  Device: USRP2 / N-Series Device
  Mboard 0: N210r4
  RX Channel: 0
    RX DSP: 0
    RX Dboard: A
    RX Subdev: SBXv3 RX
  TX Channel: 0
    TX DSP: 0
    TX Dboard: A
    TX Subdev: SBXv3 TX

[1611691027931154] [Main] Setting RX Rate: 1.000000Msps
[1611691027931295] [Main] Actual RX Rate: 1.000000Msps
[1611691027931324] [Main] Setting RX Freq: 2437.000000MHz
[1611691027931652] [Main] Actual RX Freq: 2437.000000
[1611691027931936] [Main] Checking RX: LO: locked
[1611691027931973] [Main] Setting device timestamp to 0
[1611691029156638] [Main] Status: Closing the logger
